nohup: ignoring input
2025-03-29 09:54:14,203 - httpx - INFO - HTTP Request: POST https://api.telegram.org/bot7641317425:AAHfWDG6uHQZeG8BQ5JvuvjMFvLFgrqbh9Q/getMe "HTTP/1.1 200 OK"
2025-03-29 09:54:14,594 - httpx - INFO - HTTP Request: POST https://api.telegram.org/bot7641317425:AAHfWDG6uHQZeG8BQ5JvuvjMFvLFgrqbh9Q/deleteWebhook "HTTP/1.1 200 OK"
2025-03-29 09:54:14,598 - telegram.ext.Application - INFO - Application started
2025-03-29 09:54:25,651 - httpx - INFO - HTTP Request: POST https://api.telegram.org/bot7641317425:AAHfWDG6uHQZeG8BQ5JvuvjMFvLFgrqbh9Q/getUpdates "HTTP/1.1 200 OK"
2025-03-29 09:54:35,998 - httpx - INFO - HTTP Request: POST https://api.telegram.org/bot7641317425:AAHfWDG6uHQZeG8BQ5JvuvjMFvLFgrqbh9Q/getUpdates "HTTP/1.1 200 OK"
2025-03-29 09:54:46,338 - httpx - INFO - HTTP Request: POST https://api.telegram.org/bot7641317425:AAHfWDG6uHQZeG8BQ5JvuvjMFvLFgrqbh9Q/getUpdates "HTTP/1.1 200 OK"
2025-03-29 09:54:56,684 - httpx - INFO - HTTP Request: POST https://api.telegram.org/bot7641317425:AAHfWDG6uHQZeG8BQ5JvuvjMFvLFgrqbh9Q/getUpdates "HTTP/1.1 200 OK"
2025-03-29 09:55:07,028 - httpx - INFO - HTTP Request: POST https://api.telegram.org/bot7641317425:AAHfWDG6uHQZeG8BQ5JvuvjMFvLFgrqbh9Q/getUpdates "HTTP/1.1 200 OK"
2025-03-29 09:55:17,370 - httpx - INFO - HTTP Request: POST https://api.telegram.org/bot7641317425:AAHfWDG6uHQZeG8BQ5JvuvjMFvLFgrqbh9Q/getUpdates "HTTP/1.1 200 OK"
2025-03-29 09:55:28,327 - httpx - INFO - HTTP Request: POST https://api.telegram.org/bot7641317425:AAHfWDG6uHQZeG8BQ5JvuvjMFvLFgrqbh9Q/getUpdates "HTTP/1.1 200 OK"
2025-03-29 09:55:38,657 - httpx - INFO - HTTP Request: POST https://api.telegram.org/bot7641317425:AAHfWDG6uHQZeG8BQ5JvuvjMFvLFgrqbh9Q/getUpdates "HTTP/1.1 200 OK"
2025-03-29 09:55:49,005 - httpx - INFO - HTTP Request: POST https://api.telegram.org/bot7641317425:AAHfWDG6uHQZeG8BQ5JvuvjMFvLFgrqbh9Q/getUpdates "HTTP/1.1 200 OK"
2025-03-29 09:55:59,322 - httpx - INFO - HTTP Request: POST https://api.telegram.org/bot7641317425:AAHfWDG6uHQZeG8BQ5JvuvjMFvLFgrqbh9Q/getUpdates "HTTP/1.1 200 OK"
2025-03-29 09:56:09,691 - httpx - INFO - HTTP Request: POST https://api.telegram.org/bot7641317425:AAHfWDG6uHQZeG8BQ5JvuvjMFvLFgrqbh9Q/getUpdates "HTTP/1.1 200 OK"
2025-03-29 09:56:20,034 - httpx - INFO - HTTP Request: POST https://api.telegram.org/bot7641317425:AAHfWDG6uHQZeG8BQ5JvuvjMFvLFgrqbh9Q/getUpdates "HTTP/1.1 200 OK"
2025-03-29 09:56:30,376 - httpx - INFO - HTTP Request: POST https://api.telegram.org/bot7641317425:AAHfWDG6uHQZeG8BQ5JvuvjMFvLFgrqbh9Q/getUpdates "HTTP/1.1 200 OK"
2025-03-29 09:56:40,722 - httpx - INFO - HTTP Request: POST https://api.telegram.org/bot7641317425:AAHfWDG6uHQZeG8BQ5JvuvjMFvLFgrqbh9Q/getUpdates "HTTP/1.1 200 OK"
2025-03-29 09:56:51,064 - httpx - INFO - HTTP Request: POST https://api.telegram.org/bot7641317425:AAHfWDG6uHQZeG8BQ5JvuvjMFvLFgrqbh9Q/getUpdates "HTTP/1.1 200 OK"
2025-03-29 09:57:01,407 - httpx - INFO - HTTP Request: POST https://api.telegram.org/bot7641317425:AAHfWDG6uHQZeG8BQ5JvuvjMFvLFgrqbh9Q/getUpdates "HTTP/1.1 200 OK"
2025-03-29 09:57:11,749 - httpx - INFO - HTTP Request: POST https://api.telegram.org/bot7641317425:AAHfWDG6uHQZeG8BQ5JvuvjMFvLFgrqbh9Q/getUpdates "HTTP/1.1 200 OK"
2025-03-29 09:57:22,092 - httpx - INFO - HTTP Request: POST https://api.telegram.org/bot7641317425:AAHfWDG6uHQZeG8BQ5JvuvjMFvLFgrqbh9Q/getUpdates "HTTP/1.1 200 OK"
2025-03-29 09:57:32,430 - httpx - INFO - HTTP Request: POST https://api.telegram.org/bot7641317425:AAHfWDG6uHQZeG8BQ5JvuvjMFvLFgrqbh9Q/getUpdates "HTTP/1.1 200 OK"
2025-03-29 09:57:42,754 - httpx - INFO - HTTP Request: POST https://api.telegram.org/bot7641317425:AAHfWDG6uHQZeG8BQ5JvuvjMFvLFgrqbh9Q/getUpdates "HTTP/1.1 200 OK"
2025-03-29 09:57:53,120 - httpx - INFO - HTTP Request: POST https://api.telegram.org/bot7641317425:AAHfWDG6uHQZeG8BQ5JvuvjMFvLFgrqbh9Q/getUpdates "HTTP/1.1 200 OK"
2025-03-29 09:58:03,463 - httpx - INFO - HTTP Request: POST https://api.telegram.org/bot7641317425:AAHfWDG6uHQZeG8BQ5JvuvjMFvLFgrqbh9Q/getUpdates "HTTP/1.1 200 OK"
2025-03-29 09:58:13,806 - httpx - INFO - HTTP Request: POST https://api.telegram.org/bot7641317425:AAHfWDG6uHQZeG8BQ5JvuvjMFvLFgrqbh9Q/getUpdates "HTTP/1.1 200 OK"
2025-03-29 09:58:24,147 - httpx - INFO - HTTP Request: POST https://api.telegram.org/bot7641317425:AAHfWDG6uHQZeG8BQ5JvuvjMFvLFgrqbh9Q/getUpdates "HTTP/1.1 200 OK"
2025-03-29 09:58:34,490 - httpx - INFO - HTTP Request: POST https://api.telegram.org/bot7641317425:AAHfWDG6uHQZeG8BQ5JvuvjMFvLFgrqbh9Q/getUpdates "HTTP/1.1 200 OK"
2025-03-29 09:58:44,828 - httpx - INFO - HTTP Request: POST https://api.telegram.org/bot7641317425:AAHfWDG6uHQZeG8BQ5JvuvjMFvLFgrqbh9Q/getUpdates "HTTP/1.1 200 OK"
2025-03-29 09:58:55,502 - httpx - INFO - HTTP Request: POST https://api.telegram.org/bot7641317425:AAHfWDG6uHQZeG8BQ5JvuvjMFvLFgrqbh9Q/getUpdates "HTTP/1.1 200 OK"
2025-03-29 09:59:06,360 - httpx - INFO - HTTP Request: POST https://api.telegram.org/bot7641317425:AAHfWDG6uHQZeG8BQ5JvuvjMFvLFgrqbh9Q/getUpdates "HTTP/1.1 200 OK"
2025-03-29 09:59:17,267 - httpx - INFO - HTTP Request: POST https://api.telegram.org/bot7641317425:AAHfWDG6uHQZeG8BQ5JvuvjMFvLFgrqbh9Q/getUpdates "HTTP/1.1 200 OK"
2025-03-29 09:59:28,070 - httpx - INFO - HTTP Request: POST https://api.telegram.org/bot7641317425:AAHfWDG6uHQZeG8BQ5JvuvjMFvLFgrqbh9Q/getUpdates "HTTP/1.1 200 OK"
2025-03-29 09:59:38,623 - httpx - INFO - HTTP Request: POST https://api.telegram.org/bot7641317425:AAHfWDG6uHQZeG8BQ5JvuvjMFvLFgrqbh9Q/getUpdates "HTTP/1.1 200 OK"
2025-03-29 09:59:49,189 - httpx - INFO - HTTP Request: POST https://api.telegram.org/bot7641317425:AAHfWDG6uHQZeG8BQ5JvuvjMFvLFgrqbh9Q/getUpdates "HTTP/1.1 200 OK"
2025-03-29 09:59:59,813 - httpx - INFO - HTTP Request: POST https://api.telegram.org/bot7641317425:AAHfWDG6uHQZeG8BQ5JvuvjMFvLFgrqbh9Q/getUpdates "HTTP/1.1 200 OK"
2025-03-29 10:00:10,463 - httpx - INFO - HTTP Request: POST https://api.telegram.org/bot7641317425:AAHfWDG6uHQZeG8BQ5JvuvjMFvLFgrqbh9Q/getUpdates "HTTP/1.1 200 OK"
2025-03-29 10:00:20,881 - httpx - INFO - HTTP Request: POST https://api.telegram.org/bot7641317425:AAHfWDG6uHQZeG8BQ5JvuvjMFvLFgrqbh9Q/getUpdates "HTTP/1.1 200 OK"
2025-03-29 10:00:31,225 - httpx - INFO - HTTP Request: POST https://api.telegram.org/bot7641317425:AAHfWDG6uHQZeG8BQ5JvuvjMFvLFgrqbh9Q/getUpdates "HTTP/1.1 200 OK"
2025-03-29 10:00:41,554 - httpx - INFO - HTTP Request: POST https://api.telegram.org/bot7641317425:AAHfWDG6uHQZeG8BQ5JvuvjMFvLFgrqbh9Q/getUpdates "HTTP/1.1 200 OK"
2025-03-29 10:00:51,909 - httpx - INFO - HTTP Request: POST https://api.telegram.org/bot7641317425:AAHfWDG6uHQZeG8BQ5JvuvjMFvLFgrqbh9Q/getUpdates "HTTP/1.1 200 OK"
2025-03-29 10:01:02,233 - httpx - INFO - HTTP Request: POST https://api.telegram.org/bot7641317425:AAHfWDG6uHQZeG8BQ5JvuvjMFvLFgrqbh9Q/getUpdates "HTTP/1.1 200 OK"
2025-03-29 10:01:12,551 - httpx - INFO - HTTP Request: POST https://api.telegram.org/bot7641317425:AAHfWDG6uHQZeG8BQ5JvuvjMFvLFgrqbh9Q/getUpdates "HTTP/1.1 200 OK"
2025-03-29 10:01:22,936 - httpx - INFO - HTTP Request: POST https://api.telegram.org/bot7641317425:AAHfWDG6uHQZeG8BQ5JvuvjMFvLFgrqbh9Q/getUpdates "HTTP/1.1 200 OK"
2025-03-29 10:01:33,280 - httpx - INFO - HTTP Request: POST https://api.telegram.org/bot7641317425:AAHfWDG6uHQZeG8BQ5JvuvjMFvLFgrqbh9Q/getUpdates "HTTP/1.1 200 OK"
2025-03-29 10:01:43,598 - httpx - INFO - HTTP Request: POST https://api.telegram.org/bot7641317425:AAHfWDG6uHQZeG8BQ5JvuvjMFvLFgrqbh9Q/getUpdates "HTTP/1.1 200 OK"
2025-03-29 10:01:53,970 - httpx - INFO - HTTP Request: POST https://api.telegram.org/bot7641317425:AAHfWDG6uHQZeG8BQ5JvuvjMFvLFgrqbh9Q/getUpdates "HTTP/1.1 200 OK"
2025-03-29 10:02:04,311 - httpx - INFO - HTTP Request: POST https://api.telegram.org/bot7641317425:AAHfWDG6uHQZeG8BQ5JvuvjMFvLFgrqbh9Q/getUpdates "HTTP/1.1 200 OK"
2025-03-29 10:02:14,644 - httpx - INFO - HTTP Request: POST https://api.telegram.org/bot7641317425:AAHfWDG6uHQZeG8BQ5JvuvjMFvLFgrqbh9Q/getUpdates "HTTP/1.1 200 OK"
2025-03-29 10:02:24,973 - httpx - INFO - HTTP Request: POST https://api.telegram.org/bot7641317425:AAHfWDG6uHQZeG8BQ5JvuvjMFvLFgrqbh9Q/getUpdates "HTTP/1.1 200 OK"
2025-03-29 10:02:35,338 - httpx - INFO - HTTP Request: POST https://api.telegram.org/bot7641317425:AAHfWDG6uHQZeG8BQ5JvuvjMFvLFgrqbh9Q/getUpdates "HTTP/1.1 200 OK"
2025-03-29 10:02:45,665 - httpx - INFO - HTTP Request: POST https://api.telegram.org/bot7641317425:AAHfWDG6uHQZeG8BQ5JvuvjMFvLFgrqbh9Q/getUpdates "HTTP/1.1 200 OK"
2025-03-29 10:02:56,025 - httpx - INFO - HTTP Request: POST https://api.telegram.org/bot7641317425:AAHfWDG6uHQZeG8BQ5JvuvjMFvLFgrqbh9Q/getUpdates "HTTP/1.1 200 OK"
2025-03-29 10:03:06,364 - httpx - INFO - HTTP Request: POST https://api.telegram.org/bot7641317425:AAHfWDG6uHQZeG8BQ5JvuvjMFvLFgrqbh9Q/getUpdates "HTTP/1.1 200 OK"
2025-03-29 10:03:16,702 - httpx - INFO - HTTP Request: POST https://api.telegram.org/bot7641317425:AAHfWDG6uHQZeG8BQ5JvuvjMFvLFgrqbh9Q/getUpdates "HTTP/1.1 200 OK"
2025-03-29 10:03:27,046 - httpx - INFO - HTTP Request: POST https://api.telegram.org/bot7641317425:AAHfWDG6uHQZeG8BQ5JvuvjMFvLFgrqbh9Q/getUpdates "HTTP/1.1 200 OK"
2025-03-29 10:03:37,361 - httpx - INFO - HTTP Request: POST https://api.telegram.org/bot7641317425:AAHfWDG6uHQZeG8BQ5JvuvjMFvLFgrqbh9Q/getUpdates "HTTP/1.1 200 OK"
2025-03-29 10:03:48,090 - httpx - INFO - HTTP Request: POST https://api.telegram.org/bot7641317425:AAHfWDG6uHQZeG8BQ5JvuvjMFvLFgrqbh9Q/getUpdates "HTTP/1.1 200 OK"
2025-03-29 10:03:58,420 - httpx - INFO - HTTP Request: POST https://api.telegram.org/bot7641317425:AAHfWDG6uHQZeG8BQ5JvuvjMFvLFgrqbh9Q/getUpdates "HTTP/1.1 200 OK"
2025-03-29 10:04:08,826 - httpx - INFO - HTTP Request: POST https://api.telegram.org/bot7641317425:AAHfWDG6uHQZeG8BQ5JvuvjMFvLFgrqbh9Q/getUpdates "HTTP/1.1 200 OK"
2025-03-29 10:04:19,148 - httpx - INFO - HTTP Request: POST https://api.telegram.org/bot7641317425:AAHfWDG6uHQZeG8BQ5JvuvjMFvLFgrqbh9Q/getUpdates "HTTP/1.1 200 OK"
2025-03-29 10:04:29,473 - httpx - INFO - HTTP Request: POST https://api.telegram.org/bot7641317425:AAHfWDG6uHQZeG8BQ5JvuvjMFvLFgrqbh9Q/getUpdates "HTTP/1.1 200 OK"
2025-03-29 10:04:39,800 - httpx - INFO - HTTP Request: POST https://api.telegram.org/bot7641317425:AAHfWDG6uHQZeG8BQ5JvuvjMFvLFgrqbh9Q/getUpdates "HTTP/1.1 200 OK"
2025-03-29 10:04:50,118 - httpx - INFO - HTTP Request: POST https://api.telegram.org/bot7641317425:AAHfWDG6uHQZeG8BQ5JvuvjMFvLFgrqbh9Q/getUpdates "HTTP/1.1 200 OK"
2025-03-29 10:05:00,437 - httpx - INFO - HTTP Request: POST https://api.telegram.org/bot7641317425:AAHfWDG6uHQZeG8BQ5JvuvjMFvLFgrqbh9Q/getUpdates "HTTP/1.1 200 OK"
2025-03-29 10:05:10,782 - httpx - INFO - HTTP Request: POST https://api.telegram.org/bot7641317425:AAHfWDG6uHQZeG8BQ5JvuvjMFvLFgrqbh9Q/getUpdates "HTTP/1.1 200 OK"
2025-03-29 10:05:21,123 - httpx - INFO - HTTP Request: POST https://api.telegram.org/bot7641317425:AAHfWDG6uHQZeG8BQ5JvuvjMFvLFgrqbh9Q/getUpdates "HTTP/1.1 200 OK"
2025-03-29 10:05:31,467 - httpx - INFO - HTTP Request: POST https://api.telegram.org/bot7641317425:AAHfWDG6uHQZeG8BQ5JvuvjMFvLFgrqbh9Q/getUpdates "HTTP/1.1 200 OK"
2025-03-29 10:05:41,810 - httpx - INFO - HTTP Request: POST https://api.telegram.org/bot7641317425:AAHfWDG6uHQZeG8BQ5JvuvjMFvLFgrqbh9Q/getUpdates "HTTP/1.1 200 OK"
2025-03-29 10:05:52,134 - httpx - INFO - HTTP Request: POST https://api.telegram.org/bot7641317425:AAHfWDG6uHQZeG8BQ5JvuvjMFvLFgrqbh9Q/getUpdates "HTTP/1.1 200 OK"
2025-03-29 10:06:02,490 - httpx - INFO - HTTP Request: POST https://api.telegram.org/bot7641317425:AAHfWDG6uHQZeG8BQ5JvuvjMFvLFgrqbh9Q/getUpdates "HTTP/1.1 200 OK"
2025-03-29 10:06:12,836 - httpx - INFO - HTTP Request: POST https://api.telegram.org/bot7641317425:AAHfWDG6uHQZeG8BQ5JvuvjMFvLFgrqbh9Q/getUpdates "HTTP/1.1 200 OK"
2025-03-29 10:06:23,180 - httpx - INFO - HTTP Request: POST https://api.telegram.org/bot7641317425:AAHfWDG6uHQZeG8BQ5JvuvjMFvLFgrqbh9Q/getUpdates "HTTP/1.1 200 OK"
2025-03-29 10:06:33,523 - httpx - INFO - HTTP Request: POST https://api.telegram.org/bot7641317425:AAHfWDG6uHQZeG8BQ5JvuvjMFvLFgrqbh9Q/getUpdates "HTTP/1.1 200 OK"
2025-03-29 10:06:43,862 - httpx - INFO - HTTP Request: POST https://api.telegram.org/bot7641317425:AAHfWDG6uHQZeG8BQ5JvuvjMFvLFgrqbh9Q/getUpdates "HTTP/1.1 200 OK"
2025-03-29 10:06:54,201 - httpx - INFO - HTTP Request: POST https://api.telegram.org/bot7641317425:AAHfWDG6uHQZeG8BQ5JvuvjMFvLFgrqbh9Q/getUpdates "HTTP/1.1 200 OK"
2025-03-29 10:07:04,546 - httpx - INFO - HTTP Request: POST https://api.telegram.org/bot7641317425:AAHfWDG6uHQZeG8BQ5JvuvjMFvLFgrqbh9Q/getUpdates "HTTP/1.1 200 OK"
2025-03-29 10:07:14,862 - httpx - INFO - HTTP Request: POST https://api.telegram.org/bot7641317425:AAHfWDG6uHQZeG8BQ5JvuvjMFvLFgrqbh9Q/getUpdates "HTTP/1.1 200 OK"
2025-03-29 10:07:25,553 - httpx - INFO - HTTP Request: POST https://api.telegram.org/bot7641317425:AAHfWDG6uHQZeG8BQ5JvuvjMFvLFgrqbh9Q/getUpdates "HTTP/1.1 200 OK"
2025-03-29 10:07:36,146 - httpx - INFO - HTTP Request: POST https://api.telegram.org/bot7641317425:AAHfWDG6uHQZeG8BQ5JvuvjMFvLFgrqbh9Q/getUpdates "HTTP/1.1 200 OK"
2025-03-29 10:07:46,865 - httpx - INFO - HTTP Request: POST https://api.telegram.org/bot7641317425:AAHfWDG6uHQZeG8BQ5JvuvjMFvLFgrqbh9Q/getUpdates "HTTP/1.1 200 OK"
2025-03-29 10:07:57,719 - httpx - INFO - HTTP Request: POST https://api.telegram.org/bot7641317425:AAHfWDG6uHQZeG8BQ5JvuvjMFvLFgrqbh9Q/getUpdates "HTTP/1.1 200 OK"
2025-03-29 10:08:08,624 - httpx - INFO - HTTP Request: POST https://api.telegram.org/bot7641317425:AAHfWDG6uHQZeG8BQ5JvuvjMFvLFgrqbh9Q/getUpdates "HTTP/1.1 200 OK"
2025-03-29 10:08:19,430 - httpx - INFO - HTTP Request: POST https://api.telegram.org/bot7641317425:AAHfWDG6uHQZeG8BQ5JvuvjMFvLFgrqbh9Q/getUpdates "HTTP/1.1 200 OK"
2025-03-29 10:08:29,999 - httpx - INFO - HTTP Request: POST https://api.telegram.org/bot7641317425:AAHfWDG6uHQZeG8BQ5JvuvjMFvLFgrqbh9Q/getUpdates "HTTP/1.1 200 OK"
2025-03-29 10:08:40,702 - httpx - INFO - HTTP Request: POST https://api.telegram.org/bot7641317425:AAHfWDG6uHQZeG8BQ5JvuvjMFvLFgrqbh9Q/getUpdates "HTTP/1.1 200 OK"
2025-03-29 10:08:51,094 - httpx - INFO - HTTP Request: POST https://api.telegram.org/bot7641317425:AAHfWDG6uHQZeG8BQ5JvuvjMFvLFgrqbh9Q/getUpdates "HTTP/1.1 200 OK"
2025-03-29 10:09:01,720 - httpx - INFO - HTTP Request: POST https://api.telegram.org/bot7641317425:AAHfWDG6uHQZeG8BQ5JvuvjMFvLFgrqbh9Q/getUpdates "HTTP/1.1 200 OK"
2025-03-29 10:09:12,360 - httpx - INFO - HTTP Request: POST https://api.telegram.org/bot7641317425:AAHfWDG6uHQZeG8BQ5JvuvjMFvLFgrqbh9Q/getUpdates "HTTP/1.1 200 OK"
2025-03-29 10:09:22,940 - httpx - INFO - HTTP Request: POST https://api.telegram.org/bot7641317425:AAHfWDG6uHQZeG8BQ5JvuvjMFvLFgrqbh9Q/getUpdates "HTTP/1.1 200 OK"
2025-03-29 10:09:33,668 - httpx - INFO - HTTP Request: POST https://api.telegram.org/bot7641317425:AAHfWDG6uHQZeG8BQ5JvuvjMFvLFgrqbh9Q/getUpdates "HTTP/1.1 200 OK"
2025-03-29 10:09:44,225 - httpx - INFO - HTTP Request: POST https://api.telegram.org/bot7641317425:AAHfWDG6uHQZeG8BQ5JvuvjMFvLFgrqbh9Q/getUpdates "HTTP/1.1 200 OK"
2025-03-29 10:09:54,888 - httpx - INFO - HTTP Request: POST https://api.telegram.org/bot7641317425:AAHfWDG6uHQZeG8BQ5JvuvjMFvLFgrqbh9Q/getUpdates "HTTP/1.1 200 OK"
2025-03-29 10:10:05,462 - httpx - INFO - HTTP Request: POST https://api.telegram.org/bot7641317425:AAHfWDG6uHQZeG8BQ5JvuvjMFvLFgrqbh9Q/getUpdates "HTTP/1.1 200 OK"
2025-03-29 10:10:15,894 - httpx - INFO - HTTP Request: POST https://api.telegram.org/bot7641317425:AAHfWDG6uHQZeG8BQ5JvuvjMFvLFgrqbh9Q/getUpdates "HTTP/1.1 200 OK"
2025-03-29 10:10:26,508 - httpx - INFO - HTTP Request: POST https://api.telegram.org/bot7641317425:AAHfWDG6uHQZeG8BQ5JvuvjMFvLFgrqbh9Q/getUpdates "HTTP/1.1 200 OK"
2025-03-29 10:10:37,363 - httpx - INFO - HTTP Request: POST https://api.telegram.org/bot7641317425:AAHfWDG6uHQZeG8BQ5JvuvjMFvLFgrqbh9Q/getUpdates "HTTP/1.1 200 OK"
2025-03-29 10:10:47,923 - httpx - INFO - HTTP Request: POST https://api.telegram.org/bot7641317425:AAHfWDG6uHQZeG8BQ5JvuvjMFvLFgrqbh9Q/getUpdates "HTTP/1.1 200 OK"
2025-03-29 10:10:58,663 - httpx - INFO - HTTP Request: POST https://api.telegram.org/bot7641317425:AAHfWDG6uHQZeG8BQ5JvuvjMFvLFgrqbh9Q/getUpdates "HTTP/1.1 200 OK"
2025-03-29 10:11:09,080 - httpx - INFO - HTTP Request: POST https://api.telegram.org/bot7641317425:AAHfWDG6uHQZeG8BQ5JvuvjMFvLFgrqbh9Q/getUpdates "HTTP/1.1 200 OK"
2025-03-29 10:11:19,668 - httpx - INFO - HTTP Request: POST https://api.telegram.org/bot7641317425:AAHfWDG6uHQZeG8BQ5JvuvjMFvLFgrqbh9Q/getUpdates "HTTP/1.1 200 OK"
2025-03-29 10:11:30,217 - httpx - INFO - HTTP Request: POST https://api.telegram.org/bot7641317425:AAHfWDG6uHQZeG8BQ5JvuvjMFvLFgrqbh9Q/getUpdates "HTTP/1.1 200 OK"
2025-03-29 10:11:41,051 - httpx - INFO - HTTP Request: POST https://api.telegram.org/bot7641317425:AAHfWDG6uHQZeG8BQ5JvuvjMFvLFgrqbh9Q/getUpdates "HTTP/1.1 200 OK"
2025-03-29 10:11:52,619 - httpx - INFO - HTTP Request: POST https://api.telegram.org/bot7641317425:AAHfWDG6uHQZeG8BQ5JvuvjMFvLFgrqbh9Q/getUpdates "HTTP/1.1 200 OK"
2025-03-29 10:12:03,473 - httpx - INFO - HTTP Request: POST https://api.telegram.org/bot7641317425:AAHfWDG6uHQZeG8BQ5JvuvjMFvLFgrqbh9Q/getUpdates "HTTP/1.1 200 OK"
2025-03-29 10:12:14,226 - httpx - INFO - HTTP Request: POST https://api.telegram.org/bot7641317425:AAHfWDG6uHQZeG8BQ5JvuvjMFvLFgrqbh9Q/getUpdates "HTTP/1.1 200 OK"
2025-03-29 10:12:24,874 - httpx - INFO - HTTP Request: POST https://api.telegram.org/bot7641317425:AAHfWDG6uHQZeG8BQ5JvuvjMFvLFgrqbh9Q/getUpdates "HTTP/1.1 200 OK"
2025-03-29 10:12:35,528 - httpx - INFO - HTTP Request: POST https://api.telegram.org/bot7641317425:AAHfWDG6uHQZeG8BQ5JvuvjMFvLFgrqbh9Q/getUpdates "HTTP/1.1 200 OK"
2025-03-29 10:12:46,383 - httpx - INFO - HTTP Request: POST https://api.telegram.org/bot7641317425:AAHfWDG6uHQZeG8BQ5JvuvjMFvLFgrqbh9Q/getUpdates "HTTP/1.1 200 OK"
2025-03-29 10:12:56,910 - httpx - INFO - HTTP Request: POST https://api.telegram.org/bot7641317425:AAHfWDG6uHQZeG8BQ5JvuvjMFvLFgrqbh9Q/getUpdates "HTTP/1.1 200 OK"
2025-03-29 10:13:07,506 - httpx - INFO - HTTP Request: POST https://api.telegram.org/bot7641317425:AAHfWDG6uHQZeG8BQ5JvuvjMFvLFgrqbh9Q/getUpdates "HTTP/1.1 200 OK"
2025-03-29 10:13:18,337 - httpx - INFO - HTTP Request: POST https://api.telegram.org/bot7641317425:AAHfWDG6uHQZeG8BQ5JvuvjMFvLFgrqbh9Q/getUpdates "HTTP/1.1 200 OK"
2025-03-29 10:13:29,186 - httpx - INFO - HTTP Request: POST https://api.telegram.org/bot7641317425:AAHfWDG6uHQZeG8BQ5JvuvjMFvLFgrqbh9Q/getUpdates "HTTP/1.1 200 OK"
2025-03-29 10:13:40,124 - httpx - INFO - HTTP Request: POST https://api.telegram.org/bot7641317425:AAHfWDG6uHQZeG8BQ5JvuvjMFvLFgrqbh9Q/getUpdates "HTTP/1.1 200 OK"
2025-03-29 10:13:51,287 - httpx - INFO - HTTP Request: POST https://api.telegram.org/bot7641317425:AAHfWDG6uHQZeG8BQ5JvuvjMFvLFgrqbh9Q/getUpdates "HTTP/1.1 200 OK"
2025-03-29 10:14:02,140 - httpx - INFO - HTTP Request: POST https://api.telegram.org/bot7641317425:AAHfWDG6uHQZeG8BQ5JvuvjMFvLFgrqbh9Q/getUpdates "HTTP/1.1 200 OK"
2025-03-29 10:14:12,894 - httpx - INFO - HTTP Request: POST https://api.telegram.org/bot7641317425:AAHfWDG6uHQZeG8BQ5JvuvjMFvLFgrqbh9Q/getUpdates "HTTP/1.1 200 OK"
2025-03-29 10:14:23,772 - httpx - INFO - HTTP Request: POST https://api.telegram.org/bot7641317425:AAHfWDG6uHQZeG8BQ5JvuvjMFvLFgrqbh9Q/getUpdates "HTTP/1.1 200 OK"
2025-03-29 10:14:34,626 - httpx - INFO - HTTP Request: POST https://api.telegram.org/bot7641317425:AAHfWDG6uHQZeG8BQ5JvuvjMFvLFgrqbh9Q/getUpdates "HTTP/1.1 200 OK"
2025-03-29 10:14:44,994 - httpx - INFO - HTTP Request: POST https://api.telegram.org/bot7641317425:AAHfWDG6uHQZeG8BQ5JvuvjMFvLFgrqbh9Q/getUpdates "HTTP/1.1 200 OK"
2025-03-29 10:14:55,492 - httpx - INFO - HTTP Request: POST https://api.telegram.org/bot7641317425:AAHfWDG6uHQZeG8BQ5JvuvjMFvLFgrqbh9Q/getUpdates "HTTP/1.1 200 OK"
2025-03-29 10:15:06,048 - httpx - INFO - HTTP Request: POST https://api.telegram.org/bot7641317425:AAHfWDG6uHQZeG8BQ5JvuvjMFvLFgrqbh9Q/getUpdates "HTTP/1.1 200 OK"
2025-03-29 10:15:16,690 - httpx - INFO - HTTP Request: POST https://api.telegram.org/bot7641317425:AAHfWDG6uHQZeG8BQ5JvuvjMFvLFgrqbh9Q/getUpdates "HTTP/1.1 200 OK"
